app/build/intermediates/manifest_merge_blame_file/release/manifest-merger-blame-release-report.txt
1<?xml version="1.0" encoding="utf-8"?>
2<manifest xmlns:android="http://schemas.android.com/apk/res/android"
3    package="lotr.mbrdzanebeli"
4    android:versionCode="36"
5    android:versionName="1.0" >
6
7    <uses-sdk
8        android:minSdkVersion="25"
8-->src\main\AndroidManifest.xml
9        android:targetSdkVersion="33" />
9-->src\main\AndroidManifest.xml
10
11    <uses-permission android:name="android.permission.ACCESS_NETWORK_STATE" />
11-->src\main\AndroidManifest.xml:5:5-79
11-->src\main\AndroidManifest.xml:5:22-76
12    <uses-permission android:name="android.permission.INTERNET" />
12-->src\main\AndroidManifest.xml:6:5-67
12-->src\main\AndroidManifest.xml:6:22-64
13    <uses-permission android:name="android.permission.WAKE_LOCK" />
13-->src\main\AndroidManifest.xml:7:5-68
13-->src\main\AndroidManifest.xml:7:22-65
14    <uses-permission android:name="android.permission.RECEIVE_BOOT_COMPLETED" />
14-->src\main\AndroidManifest.xml:8:5-81
14-->src\main\AndroidManifest.xml:8:22-78
15    <uses-permission android:name="android.permission.ACCESS_WIFI_STATE" />
15-->src\main\AndroidManifest.xml:9:5-75
15-->src\main\AndroidManifest.xml:9:22-73
16    <uses-permission android:name="com.google.android.gms.permission.AD_ID" />
16-->src\main\AndroidManifest.xml:10:5-78
16-->src\main\AndroidManifest.xml:10:22-76
17    <uses-permission android:name="android.permission.CHANGE_NETWORK_STATE" />
17-->src\main\AndroidManifest.xml:11:5-79
17-->src\main\AndroidManifest.xml:11:22-76
18    <uses-permission android:name="android.permission.READ_EXTERNAL_STORAGE" />
18-->src\main\AndroidManifest.xml:12:5-80
18-->src\main\AndroidManifest.xml:12:22-77
19    <uses-permission android:name="android.permission.VIBRATE" />
19-->src\main\AndroidManifest.xml:13:5-66
19-->src\main\AndroidManifest.xml:13:22-63
20
21    <!-- Android package visibility setting -->
22    <queries>
22-->[com.google.android.gms:play-services-ads-lite:21.4.0] AndroidManifest.xml:29:5-45:15
23
24        <!-- For browser content -->
25        <intent>
25-->[com.google.android.gms:play-services-ads-lite:21.4.0] AndroidManifest.xml:32:9-38:18
26            <action android:name="android.intent.action.VIEW" />
26-->[com.google.android.gms:play-services-ads-lite:21.4.0] AndroidManifest.xml:33:13-65
26-->[com.google.android.gms:play-services-ads-lite:21.4.0] AndroidManifest.xml:33:21-62
27
28            <category android:name="android.intent.category.BROWSABLE" />
28-->[com.google.android.gms:play-services-ads-lite:21.4.0] AndroidManifest.xml:35:13-74
28-->[com.google.android.gms:play-services-ads-lite:21.4.0] AndroidManifest.xml:35:23-71
29
30            <data android:scheme="https" />
30-->[com.google.android.gms:play-services-ads-lite:21.4.0] AndroidManifest.xml:37:13-44
30-->[com.google.android.gms:play-services-ads-lite:21.4.0] AndroidManifest.xml:37:19-41
31        </intent>
32        <!-- End of browser content -->
33        <!-- For CustomTabsService -->
34        <intent>
34-->[com.google.android.gms:play-services-ads-lite:21.4.0] AndroidManifest.xml:41:9-43:18
35            <action android:name="android.support.customtabs.action.CustomTabsService" />
35-->[com.google.android.gms:play-services-ads-lite:21.4.0] AndroidManifest.xml:42:13-90
35-->[com.google.android.gms:play-services-ads-lite:21.4.0] AndroidManifest.xml:42:21-87
36        </intent>
37        <!-- End of CustomTabsService -->
38    </queries>
39
40    <uses-permission android:name="android.permission.FOREGROUND_SERVICE" />
40-->[androidx.work:work-runtime:2.7.0] AndroidManifest.xml:28:5-77
40-->[androidx.work:work-runtime:2.7.0] AndroidManifest.xml:28:22-74
41
42    <permission
42-->[androidx.core:core:1.9.0] AndroidManifest.xml:22:5-24:47
43        android:name="lotr.mbrdzanebeli.DYNAMIC_RECEIVER_NOT_EXPORTED_PERMISSION"
43-->[androidx.core:core:1.9.0] AndroidManifest.xml:23:9-81
44        android:protectionLevel="signature" />
44-->[androidx.core:core:1.9.0] AndroidManifest.xml:24:9-44
45
46    <uses-permission android:name="lotr.mbrdzanebeli.DYNAMIC_RECEIVER_NOT_EXPORTED_PERMISSION" />
46-->[androidx.core:core:1.9.0] AndroidManifest.xml:26:5-97
46-->[androidx.core:core:1.9.0] AndroidManifest.xml:26:22-94
47
48    <application
48-->src\main\AndroidManifest.xml:14:5-37:19
49        android:allowBackup="true"
49-->src\main\AndroidManifest.xml:17:9-35
50        android:appComponentFactory="androidx.core.app.CoreComponentFactory"
50-->[androidx.core:core:1.9.0] AndroidManifest.xml:28:18-86
51        android:extractNativeLibs="false"
52        android:icon="@mipmap/ic_launcher"
52-->src\main\AndroidManifest.xml:18:9-43
53        android:label="@string/app_name"
53-->src\main\AndroidManifest.xml:19:9-41
54        android:theme="@android:style/Theme.Holo.NoActionBar.Fullscreen" >
54-->src\main\AndroidManifest.xml:20:9-73
55        <activity
55-->src\main\AndroidManifest.xml:22:9-31:20
56            android:name="com.mbrdzanebeli.BootstrapActivity"
56-->src\main\AndroidManifest.xml:23:13-62
57            android:exported="true" >
57-->src\main\AndroidManifest.xml:24:13-36
58            <intent-filter>
58-->src\main\AndroidManifest.xml:26:13-30:29
59                <action android:name="android.intent.action.MAIN" />
59-->src\main\AndroidManifest.xml:27:17-69
59-->src\main\AndroidManifest.xml:27:25-66
60
61                <category android:name="android.intent.category.LAUNCHER" />
61-->src\main\AndroidManifest.xml:29:17-77
61-->src\main\AndroidManifest.xml:29:27-74
62            </intent-filter>
63        </activity>
64        <activity
64-->src\main\AndroidManifest.xml:32:9-33:48
65            android:name="com.mbrdzanebeli.MainActivity"
65-->src\main\AndroidManifest.xml:32:19-63
66            android:screenOrientation="user" />
66-->src\main\AndroidManifest.xml:33:13-45
67
68        <meta-data
68-->src\main\AndroidManifest.xml:34:9-36:47
69            android:name="com.google.android.gms.ads.APPLICATION_ID"
69-->src\main\AndroidManifest.xml:35:13-69
70            android:value="@string/admob_id" />
70-->src\main\AndroidManifest.xml:36:13-45
71        <!-- Include the AdActivity and InAppPurchaseActivity configChanges and themes. -->
72        <activity
72-->[com.google.android.gms:play-services-ads-lite:21.4.0] AndroidManifest.xml:50:9-55:43
73            android:name="com.google.android.gms.ads.AdActivity"
73-->[com.google.android.gms:play-services-ads-lite:21.4.0] AndroidManifest.xml:51:13-65
74            android:configChanges="keyboard|keyboardHidden|orientation|screenLayout|uiMode|screenSize|smallestScreenSize"
74-->[com.google.android.gms:play-services-ads-lite:21.4.0] AndroidManifest.xml:52:13-122
75            android:exported="false"
75-->[com.google.android.gms:play-services-ads-lite:21.4.0] AndroidManifest.xml:53:13-37
76            android:theme="@android:style/Theme.Translucent" />
76-->[com.google.android.gms:play-services-ads-lite:21.4.0] AndroidManifest.xml:54:13-61
77
78        <provider
78-->[com.google.android.gms:play-services-ads-lite:21.4.0] AndroidManifest.xml:57:9-62:43
79            android:name="com.google.android.gms.ads.MobileAdsInitProvider"
79-->[com.google.android.gms:play-services-ads-lite:21.4.0] AndroidManifest.xml:58:13-76
80            android:authorities="lotr.mbrdzanebeli.mobileadsinitprovider"
80-->[com.google.android.gms:play-services-ads-lite:21.4.0] AndroidManifest.xml:59:13-73
81            android:exported="false"
81-->[com.google.android.gms:play-services-ads-lite:21.4.0] AndroidManifest.xml:60:13-37
82            android:initOrder="100" />
82-->[com.google.android.gms:play-services-ads-lite:21.4.0] AndroidManifest.xml:61:13-36
83
84        <service
84-->[com.google.android.gms:play-services-ads-lite:21.4.0] AndroidManifest.xml:64:9-68:43
85            android:name="com.google.android.gms.ads.AdService"
85-->[com.google.android.gms:play-services-ads-lite:21.4.0] AndroidManifest.xml:65:13-64
86            android:enabled="true"
86-->[com.google.android.gms:play-services-ads-lite:21.4.0] AndroidManifest.xml:66:13-35
87            android:exported="false" />
87-->[com.google.android.gms:play-services-ads-lite:21.4.0] AndroidManifest.xml:67:13-37
88
89        <activity
89-->[com.google.android.gms:play-services-ads-lite:21.4.0] AndroidManifest.xml:70:9-74:43
90            android:name="com.google.android.gms.ads.OutOfContextTestingActivity"
90-->[com.google.android.gms:play-services-ads-lite:21.4.0] AndroidManifest.xml:71:13-82
91            android:configChanges="keyboard|keyboardHidden|orientation|screenLayout|uiMode|screenSize|smallestScreenSize"
91-->[com.google.android.gms:play-services-ads-lite:21.4.0] AndroidManifest.xml:72:13-122
92            android:exported="false" />
92-->[com.google.android.gms:play-services-ads-lite:21.4.0] AndroidManifest.xml:73:13-37
93        <activity
93-->[com.google.android.gms:play-services-base:18.0.0] AndroidManifest.xml:20:9-22:45
94            android:name="com.google.android.gms.common.api.GoogleApiActivity"
94-->[com.google.android.gms:play-services-base:18.0.0] AndroidManifest.xml:20:19-85
95            android:exported="false"
95-->[com.google.android.gms:play-services-base:18.0.0] AndroidManifest.xml:22:19-43
96            android:theme="@android:style/Theme.Translucent.NoTitleBar" />
96-->[com.google.android.gms:play-services-base:18.0.0] AndroidManifest.xml:21:19-78
97
98        <meta-data
98-->[com.google.android.gms:play-services-basement:18.0.0] AndroidManifest.xml:21:9-23:69
99            android:name="com.google.android.gms.version"
99-->[com.google.android.gms:play-services-basement:18.0.0] AndroidManifest.xml:22:13-58
100            android:value="@integer/google_play_services_version" />
100-->[com.google.android.gms:play-services-basement:18.0.0] AndroidManifest.xml:23:13-66
101
102        <provider
102-->[androidx.work:work-runtime:2.7.0] AndroidManifest.xml:31:9-39:20
103            android:name="androidx.startup.InitializationProvider"
103-->[androidx.work:work-runtime:2.7.0] AndroidManifest.xml:32:13-67
104            android:authorities="lotr.mbrdzanebeli.androidx-startup"
104-->[androidx.work:work-runtime:2.7.0] AndroidManifest.xml:33:13-68
105            android:exported="false" >
105-->[androidx.work:work-runtime:2.7.0] AndroidManifest.xml:34:13-37
106            <meta-data
106-->[androidx.work:work-runtime:2.7.0] AndroidManifest.xml:36:13-38:52
107                android:name="androidx.work.WorkManagerInitializer"
107-->[androidx.work:work-runtime:2.7.0] AndroidManifest.xml:37:17-68
108                android:value="androidx.startup" />
108-->[androidx.work:work-runtime:2.7.0] AndroidManifest.xml:38:17-49
109            <meta-data
109-->[androidx.profileinstaller:profileinstaller:1.0.0] AndroidManifest.xml:31:13-33:52
110                android:name="androidx.profileinstaller.ProfileInstallerInitializer"
110-->[androidx.profileinstaller:profileinstaller:1.0.0] AndroidManifest.xml:32:17-85
111                android:value="androidx.startup" />
111-->[androidx.profileinstaller:profileinstaller:1.0.0] AndroidManifest.xml:33:17-49
112        </provider>
113
114        <service
114-->[androidx.work:work-runtime:2.7.0] AndroidManifest.xml:41:9-46:35
115            android:name="androidx.work.impl.background.systemalarm.SystemAlarmService"
115-->[androidx.work:work-runtime:2.7.0] AndroidManifest.xml:42:13-88
116            android:directBootAware="false"
116-->[androidx.work:work-runtime:2.7.0] AndroidManifest.xml:43:13-44
117            android:enabled="@bool/enable_system_alarm_service_default"
117-->[androidx.work:work-runtime:2.7.0] AndroidManifest.xml:44:13-72
118            android:exported="false" />
118-->[androidx.work:work-runtime:2.7.0] AndroidManifest.xml:45:13-37
119        <service
119-->[androidx.work:work-runtime:2.7.0] AndroidManifest.xml:47:9-53:35
120            android:name="androidx.work.impl.background.systemjob.SystemJobService"
120-->[androidx.work:work-runtime:2.7.0] AndroidManifest.xml:48:13-84
121            android:directBootAware="false"
121-->[androidx.work:work-runtime:2.7.0] AndroidManifest.xml:49:13-44
122            android:enabled="@bool/enable_system_job_service_default"
122-->[androidx.work:work-runtime:2.7.0] AndroidManifest.xml:50:13-70
123            android:exported="true"
123-->[androidx.work:work-runtime:2.7.0] AndroidManifest.xml:51:13-36
124            android:permission="android.permission.BIND_JOB_SERVICE" />
124-->[androidx.work:work-runtime:2.7.0] AndroidManifest.xml:52:13-69
125        <service
125-->[androidx.work:work-runtime:2.7.0] AndroidManifest.xml:54:9-59:35
126            android:name="androidx.work.impl.foreground.SystemForegroundService"
126-->[androidx.work:work-runtime:2.7.0] AndroidManifest.xml:55:13-81
127            android:directBootAware="false"
127-->[androidx.work:work-runtime:2.7.0] AndroidManifest.xml:56:13-44
128            android:enabled="@bool/enable_system_foreground_service_default"
128-->[androidx.work:work-runtime:2.7.0] AndroidManifest.xml:57:13-77
129            android:exported="false" />
129-->[androidx.work:work-runtime:2.7.0] AndroidManifest.xml:58:13-37
130
131        <receiver
131-->[androidx.work:work-runtime:2.7.0] AndroidManifest.xml:61:9-66:35
132            android:name="androidx.work.impl.utils.ForceStopRunnable$BroadcastReceiver"
132-->[androidx.work:work-runtime:2.7.0] AndroidManifest.xml:62:13-88
133            android:directBootAware="false"
133-->[androidx.work:work-runtime:2.7.0] AndroidManifest.xml:63:13-44
134            android:enabled="true"
134-->[androidx.work:work-runtime:2.7.0] AndroidManifest.xml:64:13-35
135            android:exported="false" />
135-->[androidx.work:work-runtime:2.7.0] AndroidManifest.xml:65:13-37
136        <receiver
136-->[androidx.work:work-runtime:2.7.0] AndroidManifest.xml:67:9-77:20
137            android:name="androidx.work.impl.background.systemalarm.ConstraintProxy$BatteryChargingProxy"
137-->[androidx.work:work-runtime:2.7.0] AndroidManifest.xml:68:13-106
138            android:directBootAware="false"
138-->[androidx.work:work-runtime:2.7.0] AndroidManifest.xml:69:13-44
139            android:enabled="false"
139-->[androidx.work:work-runtime:2.7.0] AndroidManifest.xml:70:13-36
140            android:exported="false" >
140-->[androidx.work:work-runtime:2.7.0] AndroidManifest.xml:71:13-37
141            <intent-filter>
141-->[androidx.work:work-runtime:2.7.0] AndroidManifest.xml:73:13-76:29
142                <action android:name="android.intent.action.ACTION_POWER_CONNECTED" />
142-->[androidx.work:work-runtime:2.7.0] AndroidManifest.xml:74:17-87
142-->[androidx.work:work-runtime:2.7.0] AndroidManifest.xml:74:25-84
143                <action android:name="android.intent.action.ACTION_POWER_DISCONNECTED" />
143-->[androidx.work:work-runtime:2.7.0] AndroidManifest.xml:75:17-90
143-->[androidx.work:work-runtime:2.7.0] AndroidManifest.xml:75:25-87
144            </intent-filter>
145        </receiver>
146        <receiver
146-->[androidx.work:work-runtime:2.7.0] AndroidManifest.xml:78:9-88:20
147            android:name="androidx.work.impl.background.systemalarm.ConstraintProxy$BatteryNotLowProxy"
147-->[androidx.work:work-runtime:2.7.0] AndroidManifest.xml:79:13-104
148            android:directBootAware="false"
148-->[androidx.work:work-runtime:2.7.0] AndroidManifest.xml:80:13-44
149            android:enabled="false"
149-->[androidx.work:work-runtime:2.7.0] AndroidManifest.xml:81:13-36
150            android:exported="false" >
150-->[androidx.work:work-runtime:2.7.0] AndroidManifest.xml:82:13-37
151            <intent-filter>
151-->[androidx.work:work-runtime:2.7.0] AndroidManifest.xml:84:13-87:29
152                <action android:name="android.intent.action.BATTERY_OKAY" />
152-->[androidx.work:work-runtime:2.7.0] AndroidManifest.xml:85:17-77
152-->[androidx.work:work-runtime:2.7.0] AndroidManifest.xml:85:25-74
153                <action android:name="android.intent.action.BATTERY_LOW" />
153-->[androidx.work:work-runtime:2.7.0] AndroidManifest.xml:86:17-76
153-->[androidx.work:work-runtime:2.7.0] AndroidManifest.xml:86:25-73
154            </intent-filter>
155        </receiver>
156        <receiver
156-->[androidx.work:work-runtime:2.7.0] AndroidManifest.xml:89:9-99:20
157            android:name="androidx.work.impl.background.systemalarm.ConstraintProxy$StorageNotLowProxy"
157-->[androidx.work:work-runtime:2.7.0] AndroidManifest.xml:90:13-104
158            android:directBootAware="false"
158-->[androidx.work:work-runtime:2.7.0] AndroidManifest.xml:91:13-44
159            android:enabled="false"
159-->[androidx.work:work-runtime:2.7.0] AndroidManifest.xml:92:13-36
160            android:exported="false" >
160-->[androidx.work:work-runtime:2.7.0] AndroidManifest.xml:93:13-37
161            <intent-filter>
161-->[androidx.work:work-runtime:2.7.0] AndroidManifest.xml:95:13-98:29
162                <action android:name="android.intent.action.DEVICE_STORAGE_LOW" />
162-->[androidx.work:work-runtime:2.7.0] AndroidManifest.xml:96:17-83
162-->[androidx.work:work-runtime:2.7.0] AndroidManifest.xml:96:25-80
163                <action android:name="android.intent.action.DEVICE_STORAGE_OK" />
163-->[androidx.work:work-runtime:2.7.0] AndroidManifest.xml:97:17-82
163-->[androidx.work:work-runtime:2.7.0] AndroidManifest.xml:97:25-79
164            </intent-filter>
165        </receiver>
166        <receiver
166-->[androidx.work:work-runtime:2.7.0] AndroidManifest.xml:100:9-109:20
167            android:name="androidx.work.impl.background.systemalarm.ConstraintProxy$NetworkStateProxy"
167-->[androidx.work:work-runtime:2.7.0] AndroidManifest.xml:101:13-103
168            android:directBootAware="false"
168-->[androidx.work:work-runtime:2.7.0] AndroidManifest.xml:102:13-44
169            android:enabled="false"
169-->[androidx.work:work-runtime:2.7.0] AndroidManifest.xml:103:13-36
170            android:exported="false" >
170-->[androidx.work:work-runtime:2.7.0] AndroidManifest.xml:104:13-37
171            <intent-filter>
171-->[androidx.work:work-runtime:2.7.0] AndroidManifest.xml:106:13-108:29
172                <action android:name="android.net.conn.CONNECTIVITY_CHANGE" />
172-->[androidx.work:work-runtime:2.7.0] AndroidManifest.xml:107:17-79
172-->[androidx.work:work-runtime:2.7.0] AndroidManifest.xml:107:25-76
173            </intent-filter>
174        </receiver>
175        <receiver
175-->[androidx.work:work-runtime:2.7.0] AndroidManifest.xml:110:9-121:20
176            android:name="androidx.work.impl.background.systemalarm.RescheduleReceiver"
176-->[androidx.work:work-runtime:2.7.0] AndroidManifest.xml:111:13-88
177            android:directBootAware="false"
177-->[androidx.work:work-runtime:2.7.0] AndroidManifest.xml:112:13-44
178            android:enabled="false"
178-->[androidx.work:work-runtime:2.7.0] AndroidManifest.xml:113:13-36
179            android:exported="false" >
179-->[androidx.work:work-runtime:2.7.0] AndroidManifest.xml:114:13-37
180            <intent-filter>
180-->[androidx.work:work-runtime:2.7.0] AndroidManifest.xml:116:13-120:29
181                <action android:name="android.intent.action.BOOT_COMPLETED" />
181-->[androidx.work:work-runtime:2.7.0] AndroidManifest.xml:117:17-79
181-->[androidx.work:work-runtime:2.7.0] AndroidManifest.xml:117:25-76
182                <action android:name="android.intent.action.TIME_SET" />
182-->[androidx.work:work-runtime:2.7.0] AndroidManifest.xml:118:17-73
182-->[androidx.work:work-runtime:2.7.0] AndroidManifest.xml:118:25-70
183                <action android:name="android.intent.action.TIMEZONE_CHANGED" />
183-->[androidx.work:work-runtime:2.7.0] AndroidManifest.xml:119:17-81
183-->[androidx.work:work-runtime:2.7.0] AndroidManifest.xml:119:25-78
184            </intent-filter>
185        </receiver>
186        <receiver
186-->[androidx.work:work-runtime:2.7.0] AndroidManifest.xml:122:9-131:20
187            android:name="androidx.work.impl.background.systemalarm.ConstraintProxyUpdateReceiver"
187-->[androidx.work:work-runtime:2.7.0] AndroidManifest.xml:123:13-99
188            android:directBootAware="false"
188-->[androidx.work:work-runtime:2.7.0] AndroidManifest.xml:124:13-44
189            android:enabled="@bool/enable_system_alarm_service_default"
189-->[androidx.work:work-runtime:2.7.0] AndroidManifest.xml:125:13-72
190            android:exported="false" >
190-->[androidx.work:work-runtime:2.7.0] AndroidManifest.xml:126:13-37
191            <intent-filter>
191-->[androidx.work:work-runtime:2.7.0] AndroidManifest.xml:128:13-130:29
192                <action android:name="androidx.work.impl.background.systemalarm.UpdateProxies" />
192-->[androidx.work:work-runtime:2.7.0] AndroidManifest.xml:129:17-98
192-->[androidx.work:work-runtime:2.7.0] AndroidManifest.xml:129:25-95
193            </intent-filter>
194        </receiver>
195        <receiver
195-->[androidx.work:work-runtime:2.7.0] AndroidManifest.xml:132:9-142:20
196            android:name="androidx.work.impl.diagnostics.DiagnosticsReceiver"
196-->[androidx.work:work-runtime:2.7.0] AndroidManifest.xml:133:13-78
197            android:directBootAware="false"
197-->[androidx.work:work-runtime:2.7.0] AndroidManifest.xml:134:13-44
198            android:enabled="true"
198-->[androidx.work:work-runtime:2.7.0] AndroidManifest.xml:135:13-35
199            android:exported="true"
199-->[androidx.work:work-runtime:2.7.0] AndroidManifest.xml:136:13-36
200            android:permission="android.permission.DUMP" >
200-->[androidx.work:work-runtime:2.7.0] AndroidManifest.xml:137:13-57
201            <intent-filter>
201-->[androidx.work:work-runtime:2.7.0] AndroidManifest.xml:139:13-141:29
202                <action android:name="androidx.work.diagnostics.REQUEST_DIAGNOSTICS" />
202-->[androidx.work:work-runtime:2.7.0] AndroidManifest.xml:140:17-88
202-->[androidx.work:work-runtime:2.7.0] AndroidManifest.xml:140:25-85
203            </intent-filter>
204        </receiver>
205        <receiver
205-->[androidx.profileinstaller:profileinstaller:1.0.0] AndroidManifest.xml:36:9-45:20
206            android:name="androidx.profileinstaller.ProfileInstallReceiver"
206-->[androidx.profileinstaller:profileinstaller:1.0.0] AndroidManifest.xml:37:13-76
207            android:directBootAware="false"
207-->[androidx.profileinstaller:profileinstaller:1.0.0] AndroidManifest.xml:38:13-44
208            android:enabled="true"
208-->[androidx.profileinstaller:profileinstaller:1.0.0] AndroidManifest.xml:39:13-35
209            android:exported="true"
209-->[androidx.profileinstaller:profileinstaller:1.0.0] AndroidManifest.xml:40:13-36
210            android:permission="android.permission.DUMP" >
210-->[androidx.profileinstaller:profileinstaller:1.0.0] AndroidManifest.xml:41:13-57
211            <intent-filter>
211-->[androidx.profileinstaller:profileinstaller:1.0.0] AndroidManifest.xml:42:13-44:29
212                <action android:name="androidx.profileinstaller.action.INSTALL_PROFILE" />
212-->[androidx.profileinstaller:profileinstaller:1.0.0] AndroidManifest.xml:43:17-91
212-->[androidx.profileinstaller:profileinstaller:1.0.0] AndroidManifest.xml:43:25-88
213            </intent-filter>
214        </receiver>
215
216        <service
216-->[androidx.room:room-runtime:2.2.5] AndroidManifest.xml:25:9-28:40
217            android:name="androidx.room.MultiInstanceInvalidationService"
217-->[androidx.room:room-runtime:2.2.5] AndroidManifest.xml:26:13-74
218            android:directBootAware="true"
218-->[androidx.room:room-runtime:2.2.5] AndroidManifest.xml:27:13-43
219            android:exported="false" />
219-->[androidx.room:room-runtime:2.2.5] AndroidManifest.xml:28:13-37
220    </application>
221
222</manifest> <!-- Sample Ad Manager app ID: ca-app-pub-3940256099942544~3347511713 -->